Active-HDL 11.1.262.7351 2021-10-01 23:09:54

Elaboration top modules:
Architecture                  programa(puertos)


-------------------------------------------------------------------------------------------
Entity   | Architecture | Library   | Info | Compiler Version        | Compilation Options
-------------------------------------------------------------------------------------------
puertos  | programa     | registrod |      | 11.1.262.7351 (Windows) | -O3
-------------------------------------------------------------------------------------------

-------------------------------------------------------------------------------------------
VHDL Package            | Library   | Info | Compiler Version        | Compilation Options
-------------------------------------------------------------------------------------------
standard                | std       |      |                         | <unavailable>
TEXTIO                  | std       |      |                         | <unavailable>
std_logic_1164          | ieee      |      |                         | <unavailable>
-------------------------------------------------------------------------------------------

-------------------------------------------------------------------------------------------
Library                 | Comment
-------------------------------------------------------------------------------------------
ieee                    | Standard IEEE packages library
registrod               | None
std                     | Standard VHDL library
-------------------------------------------------------------------------------------------
