# ELBREAD: Elaboration process.
# ELBREAD: Elaboration time 0.0 [s].
asim -O5 +access +r +m+puertos puertos programa
# ELBREAD: Elaboration process.
# ELBREAD: Elaboration time 0.0 [s].
# VSIM: Stack memory: 32MB
# VSIM: Retval memory: 32MB
# 
acom -O3 -e 100 -work RecorrimientoSerie -2002  $dsn/src/Fub1.vhd $dsn/src/RegistroSerie.bde
# DRC: Checking file 'C:/Users/eevae/OneDrive/Documentos/Programacion/DSD/RecorrimientoSerie/RecorrimientoSerie/src/RegistroSerie.bde'.
# DRC: Warning: RegistroSerie.bde - 0 error(s), 4 warning(s)
# DRC: DRC process completed in 1 second(s).
# DRC: The results have been written to the log file. Double click on this line to view the log.
# Generating C:\Users\eevae\OneDrive\Documentos\Programacion\DSD\RecorrimientoSerie\RecorrimientoSerie\compile\RegistroSerie.vhd from C:\Users\eevae\OneDrive\Documentos\Programacion\DSD\RecorrimientoSerie\RecorrimientoSerie\src\RegistroSerie.bde ...
# Generation successful
# Warning: DAGGEN_0523: The source is compiled without the -dbg switch. Line breakpoints and assertion debug will not be available.
# File: C:/Users/eevae/OneDrive/Documentos/Programacion/DSD/RecorrimientoSerie/RecorrimientoSerie/src/Fub1.vhd
# Compile Entity "Fub1"
# Compile Architecture "Fub1" of Entity "Fub1"
# File: ./../compile/RegistroSerie.vhd
# Compile Entity "puertos"
# Compile Architecture "programa" of Entity "puertos"
# Compile success 0 Errors 0 Warnings  Analysis time :  62.0 [ms]
# ELBREAD: Elaboration process.
# ELBREAD: Elaboration time 0.0 [s].
# KERNEL: Main thread initiated.
# KERNEL: Kernel process initialization phase.
# ELAB2: Elaboration final pass...
# ELAB2: Create instances ...
# KERNEL: Time resolution set to 1ps.
# ELAB2: Create instances complete.
# SLP: Started
# SLP: Elaboration phase ...
# SLP: Elaboration phase ... skipped, nothing to simulate in SLP mode : 0.0 [s]
# SLP: Finished : 0.0 [s]
# ELAB2: Elaboration final pass complete - time: 0.1 [s].
# KERNEL: Warning: You are using the Active-HDL Student Edition. The performance of simulation is running at a reduced rate.
# KERNEL: Warning: Contact Aldec for available upgrade options - sales@aldec.com.
# KERNEL: Kernel process initialization done.
# Allocation: Simulator allocated 7069 kB (elbread=1280 elab2=5651 kernel=137 sdf=0)
# KERNEL: ASDB file was created in location C:\Users\eevae\OneDrive\Documentos\Programacion\DSD\RecorrimientoSerie\RecorrimientoSerie\src\wave.asdb
#  01:32 p. m., sábado, 2 de octubre de 2021
#  Simulation has been initialized
# 1 signal(s) traced.
# Waveform file 'untitled.awc' connected to 'C:/Users/eevae/OneDrive/Documentos/Programacion/DSD/RecorrimientoSerie/RecorrimientoSerie/src/wave.asdb'.
# 1 signal(s) traced.
# 1 signal(s) traced.
# 1 signal(s) traced.
# 1 signal(s) traced.
# 1 signal(s) traced.
run
endsim
# KERNEL: stopped at time: 11305250 ns
# VSIM: Simulation has finished.
