Active-HDL 11.1.262.7351 2021-10-02 13:32:04

Elaboration top modules:
Architecture                  programa(puertos)


----------------------------------------------------------------------------------------------------
Entity   | Architecture | Library            | Info | Compiler Version        | Compilation Options
----------------------------------------------------------------------------------------------------
puertos  | programa     | recorrimientoserie |      | 11.1.262.7351 (Windows) | -O3
Fub1     | Fub1         | recorrimientoserie |      | 11.1.262.7351 (Windows) | -O3
----------------------------------------------------------------------------------------------------

----------------------------------------------------------------------------------------------------
VHDL Package            | Library            | Info | Compiler Version        | Compilation Options
----------------------------------------------------------------------------------------------------
standard                | std                |      |                         | <unavailable>
TEXTIO                  | std                |      |                         | <unavailable>
std_logic_1164          | ieee               |      |                         | <unavailable>
std_logic_arith         | ieee               |      |                         | <unavailable>
STD_LOGIC_SIGNED        | ieee               |      |                         | <unavailable>
STD_LOGIC_UNSIGNED      | ieee               |      |                         | <unavailable>
----------------------------------------------------------------------------------------------------

----------------------------------------------------------------------------------------------------
Library                 | Comment
----------------------------------------------------------------------------------------------------
ieee                    | Standard IEEE packages library
recorrimientoserie      | None
std                     | Standard VHDL library
----------------------------------------------------------------------------------------------------
