# ELBREAD: Elaboration process.
# ELBREAD: Elaboration time 0.0 [s].
# Breakpoint set on signal "/puertos/clk".
asim -O5 +access +r +m+puertos puertos procesador
# ELBREAD: Elaboration process.
# ELBREAD: Elaboration time 0.0 [s].
# VSIM: Stack memory: 32MB
# VSIM: Retval memory: 32MB
# 
# KERNEL: Main thread initiated.
# KERNEL: Kernel process initialization phase.
# ELAB2: Elaboration final pass...
# ELAB2: Create instances ...
# KERNEL: Time resolution set to 1ps.
# ELAB2: Create instances complete.
# SLP: Started
# SLP: Elaboration phase ...
# SLP: Elaboration phase ... skipped, nothing to simulate in SLP mode : 0.0 [s]
# SLP: Finished : 0.0 [s]
# ELAB2: Elaboration final pass complete - time: 0.0 [s].
# KERNEL: Warning: You are using the Active-HDL Student Edition. The performance of simulation is running at a reduced rate.
# KERNEL: Warning: Contact Aldec for available upgrade options - sales@aldec.com.
# KERNEL: Kernel process initialization done.
# Allocation: Simulator allocated 6044 kB (elbread=1280 elab2=4627 kernel=137 sdf=0)
# KERNEL: ASDB file was created in location C:\Users\eevae\OneDrive\Documentos\Programacion\DSD\TipoT\TipoT\src\wave.asdb
#  11:55 a. m., viernes, 24 de septiembre de 2021
#  Simulation has been initialized
# Breakpoint set on signal "/puertos/clk".
# 1 signal(s) traced.
# Waveform file 'untitled.awc' connected to 'C:/Users/eevae/OneDrive/Documentos/Programacion/DSD/TipoT/TipoT/src/wave.asdb'.
# 1 signal(s) traced.
# 1 signal(s) traced.
# 1 signal(s) traced.
run
# KERNEL: Stopped at time 50 ns + 0.
# Stopped at breakpoint on signal "/puertos/clk" (Event condition).
endsim
# VSIM: Simulation has finished.
asim -O5 +access +r +m+puertos puertos procesador
# ELBREAD: Elaboration process.
# ELBREAD: Elaboration time 0.0 [s].
# VSIM: Stack memory: 32MB
# VSIM: Retval memory: 32MB
# 
# KERNEL: Main thread initiated.
# KERNEL: Kernel process initialization phase.
# ELAB2: Elaboration final pass...
# ELAB2: Create instances ...
# KERNEL: Time resolution set to 1ps.
# ELAB2: Create instances complete.
# SLP: Started
# SLP: Elaboration phase ...
# SLP: Elaboration phase ... skipped, nothing to simulate in SLP mode : 0.0 [s]
# SLP: Finished : 0.0 [s]
# ELAB2: Elaboration final pass complete - time: 0.0 [s].
# KERNEL: Warning: You are using the Active-HDL Student Edition. The performance of simulation is running at a reduced rate.
# KERNEL: Warning: Contact Aldec for available upgrade options - sales@aldec.com.
# KERNEL: Kernel process initialization done.
# Allocation: Simulator allocated 6044 kB (elbread=1280 elab2=4627 kernel=137 sdf=0)
# KERNEL: ASDB file was created in location C:\Users\eevae\OneDrive\Documentos\Programacion\DSD\TipoT\TipoT\src\wave.asdb
#  11:55 a. m., viernes, 24 de septiembre de 2021
#  Simulation has been initialized
# Waveform file 'untitled.awc' connected to 'C:/Users/eevae/OneDrive/Documentos/Programacion/DSD/TipoT/TipoT/src/wave.asdb'.
# Breakpoint set on signal "/puertos/clk".
run
# KERNEL: Stopped at time 50 ns + 0.
# Stopped at breakpoint on signal "/puertos/clk" (Event condition).
run
# KERNEL: Stopped at time 100 ns + 0.
# Stopped at breakpoint on signal "/puertos/clk" (Event condition).
# Breakpoint on signal "/puertos/clk" cleared.
