# ELBREAD: Elaboration process.
# ELBREAD: Elaboration time 0.0 [s].
asim -O5 +access +r +m+variables variables arquitectura
# ELBREAD: Elaboration process.
# ELBREAD: Elaboration time 0.0 [s].
# VSIM: Stack memory: 32MB
# VSIM: Retval memory: 32MB
# 
# KERNEL: Main thread initiated.
# KERNEL: Kernel process initialization phase.
# ELAB2: Elaboration final pass...
# ELAB2: Create instances ...
# KERNEL: Time resolution set to 1ps.
# ELAB2: Create instances complete.
# SLP: Started
# SLP: Elaboration phase ...
# SLP: Elaboration phase ... skipped, nothing to simulate in SLP mode : 0.0 [s]
# SLP: Finished : 0.0 [s]
# ELAB2: Elaboration final pass complete - time: 0.0 [s].
# KERNEL: Warning: You are using the Active-HDL Student Edition. The performance of simulation is running at a reduced rate.
# KERNEL: Warning: Contact Aldec for available upgrade options - sales@aldec.com.
# KERNEL: Kernel process initialization done.
# Allocation: Simulator allocated 6045 kB (elbread=1280 elab2=4627 kernel=137 sdf=0)
# KERNEL: ASDB file was created in location C:\Users\eevae\OneDrive\Documentos\Programacion\DSD\ContadorIrregular\Contador\src\wave.asdb
#  08:49 p. m., viernes, 3 de diciembre de 2021
#  Simulation has been initialized
run
# KERNEL: Simulation has finished. There are no more test vectors to simulate.
# 1 signal(s) traced.
# Waveform file 'untitled.awc' connected to 'C:/Users/eevae/OneDrive/Documentos/Programacion/DSD/ContadorIrregular/Contador/src/wave.asdb'.
# 1 signal(s) traced.
# 1 signal(s) traced.
# 1 signal(s) traced.
run
# KERNEL: Simulation has finished. There are no more test vectors to simulate.
run
# KERNEL: Simulation has finished. There are no more test vectors to simulate.
run
# KERNEL: Simulation has finished. There are no more test vectors to simulate.
endsim
# VSIM: Simulation has finished.
asim -O5 +access +r +m+variables variables arquitectura
# ELBREAD: Elaboration process.
# ELBREAD: Elaboration time 0.0 [s].
# VSIM: Stack memory: 32MB
# VSIM: Retval memory: 32MB
# 
# KERNEL: Main thread initiated.
# KERNEL: Kernel process initialization phase.
# ELAB2: Elaboration final pass...
# ELAB2: Create instances ...
# KERNEL: Time resolution set to 1ps.
# ELAB2: Create instances complete.
# SLP: Started
# SLP: Elaboration phase ...
# SLP: Elaboration phase ... skipped, nothing to simulate in SLP mode : 0.0 [s]
# SLP: Finished : 0.0 [s]
# ELAB2: Elaboration final pass complete - time: 0.0 [s].
# KERNEL: Warning: You are using the Active-HDL Student Edition. The performance of simulation is running at a reduced rate.
# KERNEL: Warning: Contact Aldec for available upgrade options - sales@aldec.com.
# KERNEL: Kernel process initialization done.
# Allocation: Simulator allocated 6045 kB (elbread=1280 elab2=4627 kernel=137 sdf=0)
# KERNEL: ASDB file was created in location C:\Users\eevae\OneDrive\Documentos\Programacion\DSD\ContadorIrregular\Contador\src\wave.asdb
#  08:50 p. m., viernes, 3 de diciembre de 2021
#  Simulation has been initialized
# Waveform file 'untitled.awc' connected to 'C:/Users/eevae/OneDrive/Documentos/Programacion/DSD/ContadorIrregular/Contador/src/wave.asdb'.
run
# KERNEL: Simulation has finished. There are no more test vectors to simulate.
run
# KERNEL: Simulation has finished. There are no more test vectors to simulate.
endsim
# VSIM: Simulation has finished.
asim -O5 +access +r +m+variables variables arquitectura
# ELBREAD: Elaboration process.
# ELBREAD: Elaboration time 0.0 [s].
# VSIM: Stack memory: 32MB
# VSIM: Retval memory: 32MB
# 
# KERNEL: Main thread initiated.
# KERNEL: Kernel process initialization phase.
# ELAB2: Elaboration final pass...
# ELAB2: Create instances ...
# KERNEL: Time resolution set to 1ps.
# ELAB2: Create instances complete.
# SLP: Started
# SLP: Elaboration phase ...
# SLP: Elaboration phase ... skipped, nothing to simulate in SLP mode : 0.0 [s]
# SLP: Finished : 0.0 [s]
# ELAB2: Elaboration final pass complete - time: 0.0 [s].
# KERNEL: Warning: You are using the Active-HDL Student Edition. The performance of simulation is running at a reduced rate.
# KERNEL: Warning: Contact Aldec for available upgrade options - sales@aldec.com.
# KERNEL: Kernel process initialization done.
# Allocation: Simulator allocated 6045 kB (elbread=1280 elab2=4627 kernel=137 sdf=0)
# KERNEL: ASDB file was created in location C:\Users\eevae\OneDrive\Documentos\Programacion\DSD\ContadorIrregular\Contador\src\wave.asdb
#  08:50 p. m., viernes, 3 de diciembre de 2021
#  Simulation has been initialized
# Waveform file 'untitled.awc' connected to 'C:/Users/eevae/OneDrive/Documentos/Programacion/DSD/ContadorIrregular/Contador/src/wave.asdb'.
run
# KERNEL: Simulation has finished. There are no more test vectors to simulate.
run
endsim
# KERNEL: stopped at time: 10772700 ns
# VSIM: Simulation has finished.
