Active-HDL 11.1.262.7351 2021-10-05 11:26:42

Elaboration top modules:
Architecture                  programa(puertos)


-----------------------------------------------------------------------------------------
Entity   | Architecture | Library | Info | Compiler Version        | Compilation Options
-----------------------------------------------------------------------------------------
puertos  | programa     | Anillo  |      | 11.1.262.7351 (Windows) | -O3
Fub2     | Fub2         | Anillo  |      | 11.1.262.7351 (Windows) | -O3
-----------------------------------------------------------------------------------------

-----------------------------------------------------------------------------------------
VHDL Package            | Library | Info | Compiler Version        | Compilation Options
-----------------------------------------------------------------------------------------
standard                | std     |      |                         | <unavailable>
TEXTIO                  | std     |      |                         | <unavailable>
std_logic_1164          | ieee    |      |                         | <unavailable>
std_logic_arith         | ieee    |      |                         | <unavailable>
STD_LOGIC_SIGNED        | ieee    |      |                         | <unavailable>
STD_LOGIC_UNSIGNED      | ieee    |      |                         | <unavailable>
-----------------------------------------------------------------------------------------

-----------------------------------------------------------------------------------------
Library                 | Comment
-----------------------------------------------------------------------------------------
Anillo                  | None
ieee                    | Standard IEEE packages library
std                     | Standard VHDL library
-----------------------------------------------------------------------------------------
