Active-HDL 11.1.262.7351 2021-12-03 20:50:27

Elaboration top modules:
Architecture                  arquitectura(variables)


-------------------------------------------------------------------------------------------
Entity    | Architecture | Library  | Info | Compiler Version        | Compilation Options
-------------------------------------------------------------------------------------------
variables | arquitectura | Contador |      | 11.1.262.7351 (Windows) | -O3
-------------------------------------------------------------------------------------------

-------------------------------------------------------------------------------------------
VHDL Package             | Library  | Info | Compiler Version        | Compilation Options
-------------------------------------------------------------------------------------------
standard                 | std      |      |                         | <unavailable>
TEXTIO                   | std      |      |                         | <unavailable>
std_logic_1164           | ieee     |      |                         | <unavailable>
-------------------------------------------------------------------------------------------

-------------------------------------------------------------------------------------------
Library                  | Comment
-------------------------------------------------------------------------------------------
Contador                 | None
ieee                     | Standard IEEE packages library
std                      | Standard VHDL library
-------------------------------------------------------------------------------------------


Simulation Options: asim -O5 +access +r +m+variables variables arquitectura


The performance of simulation is reduced. Version Student Edition
