# ELBREAD: Elaboration process.
# ELBREAD: Elaboration time 0.0 [s].
asim -O5 +access +r +m+puertos puertos procesador
# ELBREAD: Elaboration process.
# ELBREAD: Elaboration time 0.0 [s].
# VSIM: Stack memory: 32MB
# VSIM: Retval memory: 32MB
# 
# KERNEL: Main thread initiated.
# KERNEL: Kernel process initialization phase.
# ELAB2: Elaboration final pass...
# ELAB2: Create instances ...
# KERNEL: Time resolution set to 1ps.
# ELAB2: Create instances complete.
# SLP: Started
# SLP: Elaboration phase ...
# SLP: Elaboration phase ... skipped, nothing to simulate in SLP mode : 0.0 [s]
# SLP: Finished : 0.0 [s]
# ELAB2: Elaboration final pass complete - time: 0.0 [s].
# KERNEL: Warning: You are using the Active-HDL Student Edition. The performance of simulation is running at a reduced rate.
# KERNEL: Warning: Contact Aldec for available upgrade options - sales@aldec.com.
# KERNEL: Kernel process initialization done.
# Allocation: Simulator allocated 6044 kB (elbread=1280 elab2=4627 kernel=137 sdf=0)
# KERNEL: ASDB file was created in location C:\Users\eevae\OneDrive\Documentos\Programacion\DSD\TipoS_R\TipoS_R\src\wave.asdb
#  12:00 p. m., viernes, 24 de septiembre de 2021
#  Simulation has been initialized
# 1 signal(s) traced.
# Waveform file 'untitled.awc' connected to 'C:/Users/eevae/OneDrive/Documentos/Programacion/DSD/TipoS_R/TipoS_R/src/wave.asdb'.
# 1 signal(s) traced.
# 1 signal(s) traced.
# 1 signal(s) traced.
# 1 signal(s) traced.
run
endsim
# KERNEL: stopped at time: 5871150 ns
# VSIM: Simulation has finished.
